<?xml version="1.0" encoding="UTF-8"?>
<!-- Generated by org.testng.reporters.JUnitReportReporter -->
<testsuite hostname="L-156102727" name="com.mcclatchyinteractive.escenicfrontend.tests.SimpleTest" tests="4" failures="0" timestamp="12 May 2017 12:51:23 GMT" time="1.691" errors="0">
  <testcase name="performTestsOnSupportedBrowsers" time="0.175" classname="com.mcclatchyinteractive.escenicfrontend.tests.SimpleTest"/>
  <testcase name="performTestsOnSupportedBrowsers" time="0.661" classname="com.mcclatchyinteractive.escenicfrontend.tests.SimpleTest"/>
  <testcase name="performTestsOnSupportedBrowsers" time="0.182" classname="com.mcclatchyinteractive.escenicfrontend.tests.SimpleTest"/>
  <testcase name="performTestsOnSupportedBrowsers" time="0.673" classname="com.mcclatchyinteractive.escenicfrontend.tests.SimpleTest"/>
</testsuite> <!-- com.mcclatchyinteractive.servicenow.tests.SimpleTest -->
